To honour the JVM settings for this build a single-use Daemon process will be forked. For more on this, please refer to https://docs.gradle.org/8.7/userguide/gradle_daemon.html#sec:disabling_the_daemon in the Gradle documentation.
Daemon will be stopped at the end of the build 

> Configure project :
WARNING: The option setting 'android.aapt2FromMavenOverride=/data/data/com.termux/files/home/git/Unexpected-Keyboard/tools/aapt2-arm64/aapt2' is experimental.

> Task :copyLayoutDefinitions UP-TO-DATE
> Task :copyRawQwertyUS UP-TO-DATE
> Task :initDebugKeystore UP-TO-DATE
> Task :preBuild UP-TO-DATE
> Task :preReleaseBuild UP-TO-DATE
> Task :javaPreCompileRelease
> Task :checkReleaseAarMetadata
> Task :generateReleaseResValues
> Task :mapReleaseSourceSetPaths
> Task :generateReleaseResources
> Task :packageReleaseResources
> Task :createReleaseCompatibleScreenManifests
> Task :parseReleaseLocalResources
> Task :extractDeepLinksRelease
> Task :processReleaseMainManifest
> Task :processReleaseManifest
> Task :extractProguardFiles
> Task :mergeReleaseJniLibFolders
> Task :processReleaseManifestForPackage
> Task :mergeReleaseNativeLibs NO-SOURCE
> Task :stripReleaseDebugSymbols NO-SOURCE
> Task :extractReleaseNativeSymbolTables NO-SOURCE
> Task :mergeReleaseNativeDebugMetadata NO-SOURCE
> Task :checkReleaseDuplicateClasses
> Task :processReleaseJavaRes NO-SOURCE
> Task :mergeReleaseArtProfile
> Task :mergeReleaseStartupProfile UP-TO-DATE
> Task :mergeReleaseShaders
> Task :compileReleaseShaders NO-SOURCE
> Task :generateReleaseAssets UP-TO-DATE
> Task :mergeReleaseAssets
> Task :compressReleaseAssets
> Task :extractReleaseVersionControlInfo
> Task :processApplicationManifestReleaseForBundle
> Task :collectReleaseDependencies
> Task :mergeReleaseJavaResource
> Task :sdkReleaseDependencyData
> Task :validateSigningRelease
> Task :writeReleaseAppMetadata
> Task :writeReleaseSigningConfigVersions
> Task :mergeReleaseResources
> Task :processReleaseResources

> Task :compileReleaseJavaWithJavac
Note: Some input files use or override a deprecated API.
Note: Recompile with -Xlint:deprecation for details.
Note: Some input files use unchecked or unsafe operations.
Note: Recompile with -Xlint:unchecked for details.

> Task :generateReleaseLintVitalReportModel
> Task :mergeReleaseGeneratedProguardFiles UP-TO-DATE
> Task :expandReleaseArtProfileWildcards
> Task :bundleReleaseResources
> Task :lintVitalAnalyzeRelease
> Task :lintVitalReportRelease
> Task :lintVitalRelease
> Task :minifyReleaseWithR8
> Task :compileReleaseArtProfile
> Task :shrinkReleaseRes
> Task :convertReleaseProtoResources
> Task :optimizeReleaseResources
> Task :packageRelease
> Task :createReleaseApkListingFileRedirect
> Task :assembleRelease

BUILD SUCCESSFUL in 41s
45 actionable tasks: 43 executed, 2 up-to-date
